17:35:29.193 [main] TRACE o.s.c.i.s.SpringFactoriesLoader - Loaded [org.springframework.boot.BootstrapRegistryInitializer] names: []
17:35:29.196 [main] TRACE o.s.c.i.s.SpringFactoriesLoader - Loaded [org.springframework.context.ApplicationContextInitializer] names: [org.springframework.boot.autoconfigure.SharedMetadataReaderFactoryContextInitializer, org.springframework.boot.autoconfigure.logging.ConditionEvaluationReportLoggingListener, org.springframework.boot.context.ConfigurationWarningsApplicationContextInitializer, org.springframework.boot.context.ContextIdApplicationContextInitializer, org.springframework.boot.context.config.DelegatingApplicationContextInitializer, org.springframework.boot.rsocket.context.RSocketPortInfoApplicationContextInitializer, org.springframework.boot.web.context.ServerPortInfoApplicationContextInitializer]
17:35:29.228 [main] TRACE o.s.c.i.s.SpringFactoriesLoader - Loaded [org.springframework.context.ApplicationListener] names: [org.springframework.boot.autoconfigure.BackgroundPreinitializer, org.springframework.boot.ClearCachesApplicationListener, org.springframework.boot.builder.ParentContextCloserApplicationListener, org.springframework.boot.context.FileEncodingApplicationListener, org.springframework.boot.context.config.AnsiOutputApplicationListener, org.springframework.boot.context.config.DelegatingApplicationListener, org.springframework.boot.context.logging.LoggingApplicationListener, org.springframework.boot.env.EnvironmentPostProcessorApplicationListener]
17:35:29.262 [main] TRACE o.s.c.i.s.SpringFactoriesLoader - Loaded [org.springframework.boot.SpringApplicationRunListener] names: [org.springframework.boot.context.event.EventPublishingRunListener]
17:35:29.272 [main] TRACE o.s.c.i.s.SpringFactoriesLoader - Loaded [org.springframework.boot.logging.LoggingSystemFactory] names: [org.springframework.boot.logging.logback.LogbackLoggingSystem.Factory, org.springframework.boot.logging.log4j2.Log4J2LoggingSystem.Factory, org.springframework.boot.logging.java.JavaLoggingSystem.Factory]
17:35:29.635 [main] TRACE o.s.b.e.RandomValuePropertySourceEnvironmentPostProcessor - RandomValuePropertySource add to Environment
17:35:29.635 [main] TRACE o.s.b.c.c.ConfigDataEnvironmentPostProcessor - Post-processing environment to add config data
17:35:29.635 [main] TRACE o.s.b.c.c.ConfigDataEnvironment - Building config data environment contributors
17:35:29.636 [main] TRACE o.s.b.c.c.ConfigDataEnvironment - Creating wrapped config data contributor for 'configurationProperties'
17:35:29.636 [main] TRACE o.s.b.c.c.ConfigDataEnvironment - Creating wrapped config data contributor for 'servletConfigInitParams'
17:35:29.636 [main] TRACE o.s.b.c.c.ConfigDataEnvironment - Creating wrapped config data contributor for 'servletContextInitParams'
17:35:29.636 [main] TRACE o.s.b.c.c.ConfigDataEnvironment - Creating wrapped config data contributor for 'systemProperties'
17:35:29.636 [main] TRACE o.s.b.c.c.ConfigDataEnvironment - Creating wrapped config data contributor for 'systemEnvironment'
17:35:29.636 [main] TRACE o.s.b.c.c.ConfigDataEnvironment - Creating wrapped config data contributor for 'random'
17:35:29.636 [main] TRACE o.s.b.c.c.ConfigDataEnvironment - Adding initial config data import from location 'optional:file:./;optional:file:./config/;optional:file:./config/*/'
17:35:29.636 [main] TRACE o.s.b.c.c.ConfigDataEnvironment - Adding initial config data import from location 'optional:classpath:/;optional:classpath:/config/'
17:35:29.636 [main] TRACE o.s.b.c.c.ConfigDataEnvironment - Processing initial config data environment contributors without activation context
17:35:29.636 [main] TRACE o.s.b.c.c.ConfigDataEnvironmentContributors - Processing imports for phase BEFORE_PROFILE_ACTIVATION. no activation context
17:35:29.636 [main] TRACE o.s.b.c.c.ConfigDataEnvironmentContributors - Processing imports [optional:file:./;optional:file:./config/;optional:file:./config/*/]
17:35:29.636 [main] TRACE o.s.b.c.c.StandardConfigDataLocationResolver - Skipping missing resource file:./application.yaml
17:35:29.636 [main] TRACE o.s.b.c.c.StandardConfigDataLocationResolver - Skipping missing resource file:./application.yml
17:35:29.636 [main] TRACE o.s.b.c.c.StandardConfigDataLocationResolver - Skipping missing resource file:./application.xml
17:35:29.636 [main] TRACE o.s.b.c.c.StandardConfigDataLocationResolver - Skipping missing resource file:./application.properties
17:35:29.636 [main] TRACE o.s.b.c.c.StandardConfigDataLocationResolver - Skipping missing resource file:./config/application.yaml
17:35:29.637 [main] TRACE o.s.b.c.c.StandardConfigDataLocationResolver - Skipping missing resource file:./config/application.yml
17:35:29.637 [main] TRACE o.s.b.c.c.StandardConfigDataLocationResolver - Skipping missing resource file:./config/application.xml
17:35:29.637 [main] TRACE o.s.b.c.c.StandardConfigDataLocationResolver - Skipping missing resource file:./config/application.properties
17:35:29.637 [main] TRACE o.s.b.c.config.ConfigDataImporter - Considering resource file [.] from location optional:file:./;optional:file:./config/;optional:file:./config/*/
17:35:29.637 [main] TRACE o.s.b.c.config.ConfigDataLoaders - Loading file [.] using loader org.springframework.boot.context.config.StandardConfigDataLoader
17:35:29.637 [main] TRACE o.s.b.c.config.ConfigDataImporter - Loaded resource file [.] from location optional:file:./;optional:file:./config/;optional:file:./config/*/
17:35:29.640 [main] TRACE o.s.b.c.c.ConfigDataEnvironmentContributors - Imported 1 resource [file [.]]
17:35:29.640 [main] TRACE o.s.b.c.c.ConfigDataEnvironmentContributors - Processing imports [optional:classpath:/;optional:classpath:/config/]
17:35:29.640 [main] TRACE o.s.b.c.c.StandardConfigDataLocationResolver - Skipping missing resource classpath:/application.yaml
17:35:29.640 [main] TRACE o.s.b.c.c.StandardConfigDataLocationResolver - Skipping missing resource classpath:/application.yml
17:35:29.640 [main] TRACE o.s.b.c.c.StandardConfigDataLocationResolver - Skipping missing resource classpath:/application.xml
17:35:29.640 [main] TRACE o.s.b.c.c.StandardConfigDataLocationResolver - Skipping missing resource classpath:/config/application.yaml
17:35:29.641 [main] TRACE o.s.b.c.c.StandardConfigDataLocationResolver - Skipping missing resource classpath:/config/application.yml
17:35:29.641 [main] TRACE o.s.b.c.c.StandardConfigDataLocationResolver - Skipping missing resource classpath:/config/application.xml
17:35:29.641 [main] TRACE o.s.b.c.c.StandardConfigDataLocationResolver - Skipping missing resource classpath:/config/application.properties
17:35:29.641 [main] TRACE o.s.b.c.config.ConfigDataImporter - Considering resource class path resource [application.properties] from location optional:classpath:/;optional:classpath:/config/
17:35:29.641 [main] TRACE o.s.b.c.config.ConfigDataLoaders - Loading class path resource [application.properties] using loader org.springframework.boot.context.config.StandardConfigDataLoader
17:35:29.641 [main] TRACE o.s.b.c.config.ConfigDataImporter - Loaded resource class path resource [application.properties] from location optional:classpath:/;optional:classpath:/config/
17:35:29.641 [main] TRACE o.s.b.c.c.ConfigDataEnvironmentContributors - Imported 1 resource [class path resource [application.properties]]
17:35:29.641 [main] TRACE o.s.b.c.c.ConfigDataEnvironmentContributors - Processed imports for of 2 contributors
17:35:29.641 [main] TRACE o.s.b.c.c.ConfigDataEnvironment - Creating config data activation context from initial contributions
17:35:29.641 [main] TRACE o.s.b.c.c.ConfigDataEnvironment - Processing config data environment contributors with initial activation context
17:35:29.644 [main] TRACE o.s.b.c.c.ConfigDataEnvironmentContributors - Processing imports for phase BEFORE_PROFILE_ACTIVATION. [ConfigDataActivationContext@2421cc4 cloudPlatform = [null], profiles = [null]]
17:35:29.644 [main] TRACE o.s.b.c.c.ConfigDataEnvironmentContributors - Processed imports for of 0 contributors
17:35:29.644 [main] TRACE o.s.b.c.c.ConfigDataEnvironment - Deducing profiles from current config data environment contributors
17:35:29.644 [main] TRACE o.s.b.c.c.ConfigDataEnvironment - Processing config data environment contributors with profile activation context
17:35:29.644 [main] TRACE o.s.b.c.c.ConfigDataEnvironmentContributors - Processing imports for phase AFTER_PROFILE_ACTIVATION. [ConfigDataActivationContext@30c93896 cloudPlatform = [null], profiles = [Profiles@59a008ba active = '[]', default = '[default]', accepted = '[default]']]
17:35:29.644 [main] TRACE o.s.b.c.c.ConfigDataEnvironmentContributors - Processing imports [optional:file:./;optional:file:./config/;optional:file:./config/*/]
17:35:29.645 [main] TRACE o.s.b.c.c.StandardConfigDataLocationResolver - Skipping missing resource file:./application.yaml
17:35:29.645 [main] TRACE o.s.b.c.c.StandardConfigDataLocationResolver - Skipping missing resource file:./application.yml
17:35:29.645 [main] TRACE o.s.b.c.c.StandardConfigDataLocationResolver - Skipping missing resource file:./application.xml
17:35:29.645 [main] TRACE o.s.b.c.c.StandardConfigDataLocationResolver - Skipping missing resource file:./application.properties
17:35:29.645 [main] TRACE o.s.b.c.c.StandardConfigDataLocationResolver - Skipping missing resource file:./config/application.yaml
17:35:29.645 [main] TRACE o.s.b.c.c.StandardConfigDataLocationResolver - Skipping missing resource file:./config/application.yml
17:35:29.645 [main] TRACE o.s.b.c.c.StandardConfigDataLocationResolver - Skipping missing resource file:./config/application.xml
17:35:29.645 [main] TRACE o.s.b.c.c.StandardConfigDataLocationResolver - Skipping missing resource file:./config/application.properties
17:35:29.645 [main] TRACE o.s.b.c.c.StandardConfigDataLocationResolver - Skipping missing resource file:./application-default.yaml
17:35:29.645 [main] TRACE o.s.b.c.c.StandardConfigDataLocationResolver - Skipping missing resource file:./application-default.yml
17:35:29.645 [main] TRACE o.s.b.c.c.StandardConfigDataLocationResolver - Skipping missing resource file:./application-default.xml
17:35:29.645 [main] TRACE o.s.b.c.c.StandardConfigDataLocationResolver - Skipping missing resource file:./application-default.properties
17:35:29.645 [main] TRACE o.s.b.c.c.StandardConfigDataLocationResolver - Skipping missing resource file:./config/application-default.yaml
17:35:29.645 [main] TRACE o.s.b.c.c.StandardConfigDataLocationResolver - Skipping missing resource file:./config/application-default.yml
17:35:29.645 [main] TRACE o.s.b.c.c.StandardConfigDataLocationResolver - Skipping missing resource file:./config/application-default.xml
17:35:29.646 [main] TRACE o.s.b.c.c.StandardConfigDataLocationResolver - Skipping missing resource file:./config/application-default.properties
17:35:29.646 [main] TRACE o.s.b.c.config.ConfigDataImporter - Considering resource file [.] from location optional:file:./;optional:file:./config/;optional:file:./config/*/
17:35:29.646 [main] TRACE o.s.b.c.config.ConfigDataImporter - Already loaded resource file [.] ignoring location optional:file:./;optional:file:./config/;optional:file:./config/*/
17:35:29.646 [main] TRACE o.s.b.c.config.ConfigDataImporter - Considering resource file [.] from location optional:file:./;optional:file:./config/;optional:file:./config/*/
17:35:29.646 [main] TRACE o.s.b.c.config.ConfigDataImporter - Already loaded resource file [.] ignoring location optional:file:./;optional:file:./config/;optional:file:./config/*/
17:35:29.646 [main] TRACE o.s.b.c.c.ConfigDataEnvironmentContributors - Nothing imported
17:35:29.646 [main] TRACE o.s.b.c.c.ConfigDataEnvironmentContributors - Processing imports [optional:classpath:/;optional:classpath:/config/]
17:35:29.646 [main] TRACE o.s.b.c.c.StandardConfigDataLocationResolver - Skipping missing resource classpath:/application.yaml
17:35:29.646 [main] TRACE o.s.b.c.c.StandardConfigDataLocationResolver - Skipping missing resource classpath:/application.yml
17:35:29.646 [main] TRACE o.s.b.c.c.StandardConfigDataLocationResolver - Skipping missing resource classpath:/application.xml
17:35:29.646 [main] TRACE o.s.b.c.c.StandardConfigDataLocationResolver - Skipping missing resource classpath:/config/application.yaml
17:35:29.647 [main] TRACE o.s.b.c.c.StandardConfigDataLocationResolver - Skipping missing resource classpath:/config/application.yml
17:35:29.647 [main] TRACE o.s.b.c.c.StandardConfigDataLocationResolver - Skipping missing resource classpath:/config/application.xml
17:35:29.647 [main] TRACE o.s.b.c.c.StandardConfigDataLocationResolver - Skipping missing resource classpath:/config/application.properties
17:35:29.647 [main] TRACE o.s.b.c.c.StandardConfigDataLocationResolver - Skipping missing resource classpath:/application-default.yaml
17:35:29.647 [main] TRACE o.s.b.c.c.StandardConfigDataLocationResolver - Skipping missing resource classpath:/application-default.yml
17:35:29.647 [main] TRACE o.s.b.c.c.StandardConfigDataLocationResolver - Skipping missing resource classpath:/application-default.xml
17:35:29.647 [main] TRACE o.s.b.c.c.StandardConfigDataLocationResolver - Skipping missing resource classpath:/application-default.properties
17:35:29.647 [main] TRACE o.s.b.c.c.StandardConfigDataLocationResolver - Skipping missing resource classpath:/config/application-default.yaml
17:35:29.647 [main] TRACE o.s.b.c.c.StandardConfigDataLocationResolver - Skipping missing resource classpath:/config/application-default.yml
17:35:29.647 [main] TRACE o.s.b.c.c.StandardConfigDataLocationResolver - Skipping missing resource classpath:/config/application-default.xml
17:35:29.647 [main] TRACE o.s.b.c.c.StandardConfigDataLocationResolver - Skipping missing resource classpath:/config/application-default.properties
17:35:29.647 [main] TRACE o.s.b.c.config.ConfigDataImporter - Considering resource class path resource [application.properties] from location optional:classpath:/;optional:classpath:/config/
17:35:29.647 [main] TRACE o.s.b.c.config.ConfigDataImporter - Already loaded resource class path resource [application.properties] ignoring location optional:classpath:/;optional:classpath:/config/
17:35:29.647 [main] TRACE o.s.b.c.c.ConfigDataEnvironmentContributors - Nothing imported
17:35:29.647 [main] TRACE o.s.b.c.c.ConfigDataEnvironmentContributors - Processed imports for of 2 contributors
17:35:29.647 [main] TRACE o.s.b.c.c.ConfigDataEnvironment - Applying config data environment contributions
17:35:29.647 [main] TRACE o.s.b.c.c.ConfigDataEnvironment - Adding imported property source 'Config resource 'class path resource [application.properties]' via location 'optional:classpath:/''
17:35:29.647 [main] TRACE o.s.b.c.c.ConfigDataEnvironment - Setting default profiles: [default]
17:35:29.647 [main] TRACE o.s.b.c.c.ConfigDataEnvironment - Setting active profiles: []
17:35:29.648 [main] TRACE o.s.c.i.s.SpringFactoriesLoader - Loaded [org.springframework.boot.SpringBootExceptionReporter] names: [org.springframework.boot.diagnostics.FailureAnalyzers]
17:35:29.649 [main] TRACE o.s.c.i.s.SpringFactoriesLoader - Loaded [org.springframework.boot.diagnostics.FailureAnalyzer] names: [org.springframework.boot.autoconfigure.data.redis.RedisUrlSyntaxFailureAnalyzer, org.springframework.boot.autoconfigure.diagnostics.analyzer.NoSuchBeanDefinitionFailureAnalyzer, org.springframework.boot.autoconfigure.flyway.FlywayMigrationScriptMissingFailureAnalyzer, org.springframework.boot.autoconfigure.jdbc.DataSourceBeanCreationFailureAnalyzer, org.springframework.boot.autoconfigure.jdbc.HikariDriverConfigurationFailureAnalyzer, org.springframework.boot.autoconfigure.jooq.NoDslContextBeanFailureAnalyzer, org.springframework.boot.autoconfigure.r2dbc.ConnectionFactoryBeanCreationFailureAnalyzer, org.springframework.boot.autoconfigure.r2dbc.MissingR2dbcPoolDependencyFailureAnalyzer, org.springframework.boot.autoconfigure.r2dbc.MultipleConnectionPoolConfigurationsFailureAnalyzer, org.springframework.boot.autoconfigure.r2dbc.NoConnectionFactoryBeanFailureAnalyzer, org.springframework.boot.context.config.ConfigDataNotFoundFailureAnalyzer, org.springframework.boot.context.properties.IncompatibleConfigurationFailureAnalyzer, org.springframework.boot.context.properties.NotConstructorBoundInjectionFailureAnalyzer, org.springframework.boot.diagnostics.analyzer.BeanCurrentlyInCreationFailureAnalyzer, org.springframework.boot.diagnostics.analyzer.BeanDefinitionOverrideFailureAnalyzer, org.springframework.boot.diagnostics.analyzer.BeanNotOfRequiredTypeFailureAnalyzer, org.springframework.boot.diagnostics.analyzer.BindFailureAnalyzer, org.springframework.boot.diagnostics.analyzer.BindValidationFailureAnalyzer, org.springframework.boot.diagnostics.analyzer.UnboundConfigurationPropertyFailureAnalyzer, org.springframework.boot.diagnostics.analyzer.MutuallyExclusiveConfigurationPropertiesFailureAnalyzer, org.springframework.boot.diagnostics.analyzer.NoSuchMethodFailureAnalyzer, org.springframework.boot.diagnostics.analyzer.NoUniqueBeanDefinitionFailureAnalyzer, org.springframework.boot.diagnostics.analyzer.PortInUseFailureAnalyzer, org.springframework.boot.diagnostics.analyzer.ValidationExceptionFailureAnalyzer, org.springframework.boot.diagnostics.analyzer.InvalidConfigurationPropertyNameFailureAnalyzer, org.springframework.boot.diagnostics.analyzer.InvalidConfigurationPropertyValueFailureAnalyzer, org.springframework.boot.diagnostics.analyzer.PatternParseFailureAnalyzer, org.springframework.boot.liquibase.LiquibaseChangelogMissingFailureAnalyzer, org.springframework.boot.web.context.MissingWebServerFactoryBeanFailureAnalyzer, org.springframework.boot.web.embedded.tomcat.ConnectorStartFailureAnalyzer]
17:35:29.653 [main] TRACE o.s.b.diagnostics.FailureAnalyzers - Unable to instantiate factory class [org.springframework.boot.autoconfigure.diagnostics.analyzer.NoSuchBeanDefinitionFailureAnalyzer] for factory type [org.springframework.boot.diagnostics.FailureAnalyzer]
java.lang.reflect.InvocationTargetException: null
	at java.base/jdk.internal.reflect.NativeConstructorAccessorImpl.newInstance0(Native Method)
	at java.base/jdk.internal.reflect.NativeConstructorAccessorImpl.newInstance(NativeConstructorAccessorImpl.java:77)
	at java.base/jdk.internal.reflect.DelegatingConstructorAccessorImpl.newInstance(DelegatingConstructorAccessorImpl.java:45)
	at java.base/java.lang.reflect.Constructor.newInstanceWithCaller(Constructor.java:499)
	at java.base/java.lang.reflect.Constructor.newInstance(Constructor.java:480)
	at org.springframework.core.io.support.SpringFactoriesLoader$FactoryInstantiator.instantiate(SpringFactoriesLoader.java:382)
	at org.springframework.core.io.support.SpringFactoriesLoader.instantiateFactory(SpringFactoriesLoader.java:228)
	at org.springframework.core.io.support.SpringFactoriesLoader.load(SpringFactoriesLoader.java:206)
	at org.springframework.boot.diagnostics.FailureAnalyzers.loadFailureAnalyzers(FailureAnalyzers.java:69)
	at org.springframework.boot.diagnostics.FailureAnalyzers.<init>(FailureAnalyzers.java:64)
	at org.springframework.boot.diagnostics.FailureAnalyzers.<init>(FailureAnalyzers.java:58)
	at java.base/jdk.internal.reflect.NativeConstructorAccessorImpl.newInstance0(Native Method)
	at java.base/jdk.internal.reflect.NativeConstructorAccessorImpl.newInstance(NativeConstructorAccessorImpl.java:77)
	at java.base/jdk.internal.reflect.DelegatingConstructorAccessorImpl.newInstance(DelegatingConstructorAccessorImpl.java:45)
	at java.base/java.lang.reflect.Constructor.newInstanceWithCaller(Constructor.java:499)
	at java.base/java.lang.reflect.Constructor.newInstance(Constructor.java:480)
	at org.springframework.core.io.support.SpringFactoriesLoader$FactoryInstantiator.instantiate(SpringFactoriesLoader.java:382)
	at org.springframework.core.io.support.SpringFactoriesLoader.instantiateFactory(SpringFactoriesLoader.java:228)
	at org.springframework.core.io.support.SpringFactoriesLoader.load(SpringFactoriesLoader.java:206)
	at org.springframework.core.io.support.SpringFactoriesLoader.load(SpringFactoriesLoader.java:160)
	at org.springframework.boot.SpringApplication.getSpringFactoriesInstances(SpringApplication.java:467)
	at org.springframework.boot.SpringApplication.getExceptionReporters(SpringApplication.java:804)
	at org.springframework.boot.SpringApplication.handleRunFailure(SpringApplication.java:788)
	at org.springframework.boot.SpringApplication.run(SpringApplication.java:329)
	at org.springframework.boot.SpringApplication.run(SpringApplication.java:1306)
	at org.springframework.boot.SpringApplication.run(SpringApplication.java:1295)
	at com.wavetec.Task4.Task4Application.main(Task4Application.java:11)
Caused by: java.lang.IllegalArgumentException: Object of class [null] must be an instance of interface org.springframework.beans.factory.config.ConfigurableListableBeanFactory
	at org.springframework.util.Assert.instanceCheckFailed(Assert.java:713)
	at org.springframework.util.Assert.isInstanceOf(Assert.java:613)
	at org.springframework.util.Assert.isInstanceOf(Assert.java:644)
	at org.springframework.boot.autoconfigure.diagnostics.analyzer.NoSuchBeanDefinitionFailureAnalyzer.<init>(NoSuchBeanDefinitionFailureAnalyzer.java:68)
	... 27 common frames omitted
17:35:29.660 [main] TRACE o.s.b.diagnostics.FailureAnalyzers - Unable to instantiate factory class [org.springframework.boot.autoconfigure.flyway.FlywayMigrationScriptMissingFailureAnalyzer] for factory type [org.springframework.boot.diagnostics.FailureAnalyzer]
java.lang.ClassNotFoundException: org.springframework.boot.autoconfigure.flyway.FlywayMigrationScriptMissingFailureAnalyzer
	at java.base/jdk.internal.loader.BuiltinClassLoader.loadClass(BuiltinClassLoader.java:641)
	at java.base/jdk.internal.loader.ClassLoaders$AppClassLoader.loadClass(ClassLoaders.java:188)
	at java.base/java.lang.ClassLoader.loadClass(ClassLoader.java:525)
	at java.base/java.lang.Class.forName0(Native Method)
	at java.base/java.lang.Class.forName(Class.java:467)
	at org.springframework.util.ClassUtils.forName(ClassUtils.java:291)
	at org.springframework.core.io.support.SpringFactoriesLoader.instantiateFactory(SpringFactoriesLoader.java:224)
	at org.springframework.core.io.support.SpringFactoriesLoader.load(SpringFactoriesLoader.java:206)
	at org.springframework.boot.diagnostics.FailureAnalyzers.loadFailureAnalyzers(FailureAnalyzers.java:69)
	at org.springframework.boot.diagnostics.FailureAnalyzers.<init>(FailureAnalyzers.java:64)
	at org.springframework.boot.diagnostics.FailureAnalyzers.<init>(FailureAnalyzers.java:58)
	at java.base/jdk.internal.reflect.NativeConstructorAccessorImpl.newInstance0(Native Method)
	at java.base/jdk.internal.reflect.NativeConstructorAccessorImpl.newInstance(NativeConstructorAccessorImpl.java:77)
	at java.base/jdk.internal.reflect.DelegatingConstructorAccessorImpl.newInstance(DelegatingConstructorAccessorImpl.java:45)
	at java.base/java.lang.reflect.Constructor.newInstanceWithCaller(Constructor.java:499)
	at java.base/java.lang.reflect.Constructor.newInstance(Constructor.java:480)
	at org.springframework.core.io.support.SpringFactoriesLoader$FactoryInstantiator.instantiate(SpringFactoriesLoader.java:382)
	at org.springframework.core.io.support.SpringFactoriesLoader.instantiateFactory(SpringFactoriesLoader.java:228)
	at org.springframework.core.io.support.SpringFactoriesLoader.load(SpringFactoriesLoader.java:206)
	at org.springframework.core.io.support.SpringFactoriesLoader.load(SpringFactoriesLoader.java:160)
	at org.springframework.boot.SpringApplication.getSpringFactoriesInstances(SpringApplication.java:467)
	at org.springframework.boot.SpringApplication.getExceptionReporters(SpringApplication.java:804)
	at org.springframework.boot.SpringApplication.handleRunFailure(SpringApplication.java:788)
	at org.springframework.boot.SpringApplication.run(SpringApplication.java:329)
	at org.springframework.boot.SpringApplication.run(SpringApplication.java:1306)
	at org.springframework.boot.SpringApplication.run(SpringApplication.java:1295)
	at com.wavetec.Task4.Task4Application.main(Task4Application.java:11)
17:35:29.662 [main] TRACE o.s.b.diagnostics.FailureAnalyzers - Unable to instantiate factory class [org.springframework.boot.autoconfigure.jdbc.HikariDriverConfigurationFailureAnalyzer] for factory type [org.springframework.boot.diagnostics.FailureAnalyzer]
java.lang.NoClassDefFoundError: org/springframework/jdbc/CannotGetJdbcConnectionException
	at java.base/java.lang.Class.getDeclaredConstructors0(Native Method)
	at java.base/java.lang.Class.privateGetDeclaredConstructors(Class.java:3373)
	at java.base/java.lang.Class.getConstructors(Class.java:2060)
	at org.springframework.core.io.support.SpringFactoriesLoader$FactoryInstantiator.findConstructor(SpringFactoriesLoader.java:405)
	at org.springframework.core.io.support.SpringFactoriesLoader$FactoryInstantiator.forClass(SpringFactoriesLoader.java:394)
	at org.springframework.core.io.support.SpringFactoriesLoader.instantiateFactory(SpringFactoriesLoader.java:227)
	at org.springframework.core.io.support.SpringFactoriesLoader.load(SpringFactoriesLoader.java:206)
	at org.springframework.boot.diagnostics.FailureAnalyzers.loadFailureAnalyzers(FailureAnalyzers.java:69)
	at org.springframework.boot.diagnostics.FailureAnalyzers.<init>(FailureAnalyzers.java:64)
	at org.springframework.boot.diagnostics.FailureAnalyzers.<init>(FailureAnalyzers.java:58)
	at java.base/jdk.internal.reflect.NativeConstructorAccessorImpl.newInstance0(Native Method)
	at java.base/jdk.internal.reflect.NativeConstructorAccessorImpl.newInstance(NativeConstructorAccessorImpl.java:77)
	at java.base/jdk.internal.reflect.DelegatingConstructorAccessorImpl.newInstance(DelegatingConstructorAccessorImpl.java:45)
	at java.base/java.lang.reflect.Constructor.newInstanceWithCaller(Constructor.java:499)
	at java.base/java.lang.reflect.Constructor.newInstance(Constructor.java:480)
	at org.springframework.core.io.support.SpringFactoriesLoader$FactoryInstantiator.instantiate(SpringFactoriesLoader.java:382)
	at org.springframework.core.io.support.SpringFactoriesLoader.instantiateFactory(SpringFactoriesLoader.java:228)
	at org.springframework.core.io.support.SpringFactoriesLoader.load(SpringFactoriesLoader.java:206)
	at org.springframework.core.io.support.SpringFactoriesLoader.load(SpringFactoriesLoader.java:160)
	at org.springframework.boot.SpringApplication.getSpringFactoriesInstances(SpringApplication.java:467)
	at org.springframework.boot.SpringApplication.getExceptionReporters(SpringApplication.java:804)
	at org.springframework.boot.SpringApplication.handleRunFailure(SpringApplication.java:788)
	at org.springframework.boot.SpringApplication.run(SpringApplication.java:329)
	at org.springframework.boot.SpringApplication.run(SpringApplication.java:1306)
	at org.springframework.boot.SpringApplication.run(SpringApplication.java:1295)
	at com.wavetec.Task4.Task4Application.main(Task4Application.java:11)
Caused by: java.lang.ClassNotFoundException: org.springframework.jdbc.CannotGetJdbcConnectionException
	at java.base/jdk.internal.loader.BuiltinClassLoader.loadClass(BuiltinClassLoader.java:641)
	at java.base/jdk.internal.loader.ClassLoaders$AppClassLoader.loadClass(ClassLoaders.java:188)
	at java.base/java.lang.ClassLoader.loadClass(ClassLoader.java:525)
	... 26 common frames omitted
17:35:29.671 [main] TRACE o.s.b.diagnostics.FailureAnalyzers - Unable to instantiate factory class [org.springframework.boot.diagnostics.analyzer.NoUniqueBeanDefinitionFailureAnalyzer] for factory type [org.springframework.boot.diagnostics.FailureAnalyzer]
java.lang.reflect.InvocationTargetException: null
	at java.base/jdk.internal.reflect.NativeConstructorAccessorImpl.newInstance0(Native Method)
	at java.base/jdk.internal.reflect.NativeConstructorAccessorImpl.newInstance(NativeConstructorAccessorImpl.java:77)
	at java.base/jdk.internal.reflect.DelegatingConstructorAccessorImpl.newInstance(DelegatingConstructorAccessorImpl.java:45)
	at java.base/java.lang.reflect.Constructor.newInstanceWithCaller(Constructor.java:499)
	at java.base/java.lang.reflect.Constructor.newInstance(Constructor.java:480)
	at org.springframework.core.io.support.SpringFactoriesLoader$FactoryInstantiator.instantiate(SpringFactoriesLoader.java:382)
	at org.springframework.core.io.support.SpringFactoriesLoader.instantiateFactory(SpringFactoriesLoader.java:228)
	at org.springframework.core.io.support.SpringFactoriesLoader.load(SpringFactoriesLoader.java:206)
	at org.springframework.boot.diagnostics.FailureAnalyzers.loadFailureAnalyzers(FailureAnalyzers.java:69)
	at org.springframework.boot.diagnostics.FailureAnalyzers.<init>(FailureAnalyzers.java:64)
	at org.springframework.boot.diagnostics.FailureAnalyzers.<init>(FailureAnalyzers.java:58)
	at java.base/jdk.internal.reflect.NativeConstructorAccessorImpl.newInstance0(Native Method)
	at java.base/jdk.internal.reflect.NativeConstructorAccessorImpl.newInstance(NativeConstructorAccessorImpl.java:77)
	at java.base/jdk.internal.reflect.DelegatingConstructorAccessorImpl.newInstance(DelegatingConstructorAccessorImpl.java:45)
	at java.base/java.lang.reflect.Constructor.newInstanceWithCaller(Constructor.java:499)
	at java.base/java.lang.reflect.Constructor.newInstance(Constructor.java:480)
	at org.springframework.core.io.support.SpringFactoriesLoader$FactoryInstantiator.instantiate(SpringFactoriesLoader.java:382)
	at org.springframework.core.io.support.SpringFactoriesLoader.instantiateFactory(SpringFactoriesLoader.java:228)
	at org.springframework.core.io.support.SpringFactoriesLoader.load(SpringFactoriesLoader.java:206)
	at org.springframework.core.io.support.SpringFactoriesLoader.load(SpringFactoriesLoader.java:160)
	at org.springframework.boot.SpringApplication.getSpringFactoriesInstances(SpringApplication.java:467)
	at org.springframework.boot.SpringApplication.getExceptionReporters(SpringApplication.java:804)
	at org.springframework.boot.SpringApplication.handleRunFailure(SpringApplication.java:788)
	at org.springframework.boot.SpringApplication.run(SpringApplication.java:329)
	at org.springframework.boot.SpringApplication.run(SpringApplication.java:1306)
	at org.springframework.boot.SpringApplication.run(SpringApplication.java:1295)
	at com.wavetec.Task4.Task4Application.main(Task4Application.java:11)
Caused by: java.lang.IllegalArgumentException: Object of class [null] must be an instance of interface org.springframework.beans.factory.config.ConfigurableBeanFactory
	at org.springframework.util.Assert.instanceCheckFailed(Assert.java:713)
	at org.springframework.util.Assert.isInstanceOf(Assert.java:613)
	at org.springframework.util.Assert.isInstanceOf(Assert.java:644)
	at org.springframework.boot.diagnostics.analyzer.NoUniqueBeanDefinitionFailureAnalyzer.<init>(NoUniqueBeanDefinitionFailureAnalyzer.java:40)
	... 27 common frames omitted
17:35:29.674 [main] TRACE o.s.b.diagnostics.FailureAnalyzers - Unable to instantiate factory class [org.springframework.boot.liquibase.LiquibaseChangelogMissingFailureAnalyzer] for factory type [org.springframework.boot.diagnostics.FailureAnalyzer]
java.lang.NoClassDefFoundError: liquibase/exception/ChangeLogParseException
	at java.base/java.lang.Class.getDeclaredConstructors0(Native Method)
	at java.base/java.lang.Class.privateGetDeclaredConstructors(Class.java:3373)
	at java.base/java.lang.Class.getConstructors(Class.java:2060)
	at org.springframework.core.io.support.SpringFactoriesLoader$FactoryInstantiator.findConstructor(SpringFactoriesLoader.java:405)
	at org.springframework.core.io.support.SpringFactoriesLoader$FactoryInstantiator.forClass(SpringFactoriesLoader.java:394)
	at org.springframework.core.io.support.SpringFactoriesLoader.instantiateFactory(SpringFactoriesLoader.java:227)
	at org.springframework.core.io.support.SpringFactoriesLoader.load(SpringFactoriesLoader.java:206)
	at org.springframework.boot.diagnostics.FailureAnalyzers.loadFailureAnalyzers(FailureAnalyzers.java:69)
	at org.springframework.boot.diagnostics.FailureAnalyzers.<init>(FailureAnalyzers.java:64)
	at org.springframework.boot.diagnostics.FailureAnalyzers.<init>(FailureAnalyzers.java:58)
	at java.base/jdk.internal.reflect.NativeConstructorAccessorImpl.newInstance0(Native Method)
	at java.base/jdk.internal.reflect.NativeConstructorAccessorImpl.newInstance(NativeConstructorAccessorImpl.java:77)
	at java.base/jdk.internal.reflect.DelegatingConstructorAccessorImpl.newInstance(DelegatingConstructorAccessorImpl.java:45)
	at java.base/java.lang.reflect.Constructor.newInstanceWithCaller(Constructor.java:499)
	at java.base/java.lang.reflect.Constructor.newInstance(Constructor.java:480)
	at org.springframework.core.io.support.SpringFactoriesLoader$FactoryInstantiator.instantiate(SpringFactoriesLoader.java:382)
	at org.springframework.core.io.support.SpringFactoriesLoader.instantiateFactory(SpringFactoriesLoader.java:228)
	at org.springframework.core.io.support.SpringFactoriesLoader.load(SpringFactoriesLoader.java:206)
	at org.springframework.core.io.support.SpringFactoriesLoader.load(SpringFactoriesLoader.java:160)
	at org.springframework.boot.SpringApplication.getSpringFactoriesInstances(SpringApplication.java:467)
	at org.springframework.boot.SpringApplication.getExceptionReporters(SpringApplication.java:804)
	at org.springframework.boot.SpringApplication.handleRunFailure(SpringApplication.java:788)
	at org.springframework.boot.SpringApplication.run(SpringApplication.java:329)
	at org.springframework.boot.SpringApplication.run(SpringApplication.java:1306)
	at org.springframework.boot.SpringApplication.run(SpringApplication.java:1295)
	at com.wavetec.Task4.Task4Application.main(Task4Application.java:11)
Caused by: java.lang.ClassNotFoundException: liquibase.exception.ChangeLogParseException
	at java.base/jdk.internal.loader.BuiltinClassLoader.loadClass(BuiltinClassLoader.java:641)
	at java.base/jdk.internal.loader.ClassLoaders$AppClassLoader.loadClass(ClassLoaders.java:188)
	at java.base/java.lang.ClassLoader.loadClass(ClassLoader.java:525)
	... 26 common frames omitted
17:35:29.681 [main] TRACE o.s.c.i.s.SpringFactoriesLoader - Loaded [org.springframework.boot.diagnostics.FailureAnalysisReporter] names: [org.springframework.boot.diagnostics.LoggingFailureAnalysisReporter]
17:35:29.682 [main] ERROR o.s.boot.SpringApplication - Application run failed
java.lang.IllegalStateException: java.lang.IllegalStateException: Logback configuration error detected: 
ERROR in ch.qos.logback.core.pattern.parser.Compiler@5ddcc487 - There is no conversion class registered for conversion word [X]
ERROR in ch.qos.logback.core.pattern.parser.Compiler@5ddcc487 - [X] is not a valid conversion word
ERROR in ch.qos.logback.core.pattern.parser.Compiler@16eccb2e - There is no conversion class registered for conversion word [X]
ERROR in ch.qos.logback.core.pattern.parser.Compiler@16eccb2e - [X] is not a valid conversion word
	at org.springframework.boot.context.logging.LoggingApplicationListener.initializeSystem(LoggingApplicationListener.java:347)
	at org.springframework.boot.context.logging.LoggingApplicationListener.initialize(LoggingApplicationListener.java:298)
	at org.springframework.boot.context.logging.LoggingApplicationListener.onApplicationEnvironmentPreparedEvent(LoggingApplicationListener.java:246)
	at org.springframework.boot.context.logging.LoggingApplicationListener.onApplicationEvent(LoggingApplicationListener.java:223)
	at org.springframework.context.event.SimpleApplicationEventMulticaster.doInvokeListener(SimpleApplicationEventMulticaster.java:174)
	at org.springframework.context.event.SimpleApplicationEventMulticaster.invokeListener(SimpleApplicationEventMulticaster.java:167)
	at org.springframework.context.event.SimpleApplicationEventMulticaster.multicastEvent(SimpleApplicationEventMulticaster.java:145)
	at org.springframework.context.event.SimpleApplicationEventMulticaster.multicastEvent(SimpleApplicationEventMulticaster.java:133)
	at org.springframework.boot.context.event.EventPublishingRunListener.multicastInitialEvent(EventPublishingRunListener.java:136)
	at org.springframework.boot.context.event.EventPublishingRunListener.environmentPrepared(EventPublishingRunListener.java:81)
	at org.springframework.boot.SpringApplicationRunListeners.lambda$environmentPrepared$2(SpringApplicationRunListeners.java:64)
	at java.base/java.lang.Iterable.forEach(Iterable.java:75)
	at org.springframework.boot.SpringApplicationRunListeners.doWithListeners(SpringApplicationRunListeners.java:118)
	at org.springframework.boot.SpringApplicationRunListeners.doWithListeners(SpringApplicationRunListeners.java:112)
	at org.springframework.boot.SpringApplicationRunListeners.environmentPrepared(SpringApplicationRunListeners.java:63)
	at org.springframework.boot.SpringApplication.prepareEnvironment(SpringApplication.java:360)
	at org.springframework.boot.SpringApplication.run(SpringApplication.java:311)
	at org.springframework.boot.SpringApplication.run(SpringApplication.java:1306)
	at org.springframework.boot.SpringApplication.run(SpringApplication.java:1295)
	at com.wavetec.Task4.Task4Application.main(Task4Application.java:11)
Caused by: java.lang.IllegalStateException: Logback configuration error detected: 
ERROR in ch.qos.logback.core.pattern.parser.Compiler@5ddcc487 - There is no conversion class registered for conversion word [X]
ERROR in ch.qos.logback.core.pattern.parser.Compiler@5ddcc487 - [X] is not a valid conversion word
ERROR in ch.qos.logback.core.pattern.parser.Compiler@16eccb2e - There is no conversion class registered for conversion word [X]
ERROR in ch.qos.logback.core.pattern.parser.Compiler@16eccb2e - [X] is not a valid conversion word
	at org.springframework.boot.logging.logback.LogbackLoggingSystem.reportConfigurationErrorsIfNecessary(LogbackLoggingSystem.java:275)
	at org.springframework.boot.logging.logback.LogbackLoggingSystem.loadConfiguration(LogbackLoggingSystem.java:253)
	at org.springframework.boot.logging.logback.LogbackLoggingSystem.reinitialize(LogbackLoggingSystem.java:332)
	at org.springframework.boot.logging.AbstractLoggingSystem.initializeWithConventions(AbstractLoggingSystem.java:73)
	at org.springframework.boot.logging.AbstractLoggingSystem.initialize(AbstractLoggingSystem.java:60)
	at org.springframework.boot.logging.logback.LogbackLoggingSystem.initialize(LogbackLoggingSystem.java:189)
	at org.springframework.boot.context.logging.LoggingApplicationListener.initializeSystem(LoggingApplicationListener.java:332)
	... 19 common frames omitted
